<?xml version="1.0" encoding="UTF-8"?>
<!-- Generated by org.testng.reporters.JUnitXMLReporter -->
<testsuite hostname="shubhanshus-MacBook-Pro.local" ignored="0" name="FacebookTest" tests="1" failures="1" timestamp="2022-09-10T17:11:17 IST" time="50.426" errors="0">
  <testcase name="requestAppointmentTest" time="40.064" classname="com.openmrs.tests.RequestAppointmentTest">
    <failure type="java.lang.AssertionError" message="expected [Shubhanshu Mishra] but found []">
      <![CDATA[java.lang.AssertionError: expected [Shubhanshu Mishra] but found []
at com.openmrs.tests.RequestAppointmentTest.requestAppointmentTest(RequestAppointmentTest.java:45)
at java.util.ArrayList.forEach(ArrayList.java:1257)
... Removed 33 stack frames]]>
    </failure>
  </testcase> <!-- requestAppointmentTest -->
</testsuite> <!-- FacebookTest -->
